<?xml version="1.0" encoding="UTF-8"?>
<testsuite name="helloworld_tests.HelloWorldTest-20240215110107" tests="1" file="helloworld_tests.py" time="0.000" timestamp="2024-02-15T11:01:08" failures="0" errors="0" skipped="0">
	<testcase classname="helloworld_tests.HelloWorldTest" name="test_should_issue_hello_world_message" time="0.000" timestamp="2024-02-15T11:01:08"/>
</testsuite>
